Arguments: 
  /Users/zhengjianglong/.nvm/versions/node/v12.0.0/bin/node /usr/local/Cellar/yarn/1.17.0/libexec/bin/yarn.js add --dev @types/core

PATH: 
  /Users/zhengjianglong/.rvm/gems/ruby-2.5.0/bin:/Users/zhengjianglong/.rvm/gems/ruby-2.5.0@global/bin:/Users/zhengjianglong/.rvm/rubies/ruby-2.5.0/bin:/Users/zhengjianglong/.nvm/versions/node/v12.0.0/bin:/Users/zhengjianglong/.pyenv/shims:/Users/zhengjianglong/.rbenv/shims:/Users/zhengjianglong/.pyenv/shims:/Users/zhengjianglong/.rbenv/shims:/usr/local/bin:/usr/bin:/bin:/usr/sbin:/sbin:/Applications/Wireshark.app/Contents/MacOS:/Users/zhengjianglong/.rvm/bin:/Users/zhengjianglong/workspaces/chromium/depot_tools:/Users/zhengjianglong/.rvm/bin

Yarn version: 
  1.17.0

Node version: 
  12.0.0

Platform: 
  darwin x64

Trace: 
  Error: http://bnpm.byted.org/@types%2fcore: Not found
      at Request.params.callback [as _callback] (/usr/local/Cellar/yarn/1.17.0/libexec/lib/cli.js:66823:18)
      at Request.self.callback (/usr/local/Cellar/yarn/1.17.0/libexec/lib/cli.js:140439:22)
      at Request.emit (events.js:196:13)
      at Request.<anonymous> (/usr/local/Cellar/yarn/1.17.0/libexec/lib/cli.js:141411:10)
      at Request.emit (events.js:196:13)
      at IncomingMessage.<anonymous> (/usr/local/Cellar/yarn/1.17.0/libexec/lib/cli.js:141333:12)
      at Object.onceWrapper (events.js:284:20)
      at IncomingMessage.emit (events.js:201:15)
      at endReadableNT (_stream_readable.js:1130:12)
      at processTicksAndRejections (internal/process/task_queues.js:83:17)

npm manifest: 
  {
    "name": "react-carousel",
    "version": "0.0.0",
    "description": "carousel swipe component",
    "scripts": {},
    "devDependencies": {
      "prettier": "^1.19.1",
      "typescript": "^3.7.2"
    },
    "dependencies": {
      "react": "^16.11.0"
    },
    "config": {
      "commitizen": {
        "path": "cz-conventional-changelog"
      }
    }
  }

yarn manifest: 
  No manifest

Lockfile: 
  # THIS IS AN AUTOGENERATED FILE. DO NOT EDIT THIS FILE DIRECTLY.
  # yarn lockfile v1
  
  
  "js-tokens@^3.0.0 || ^4.0.0":
    version "4.0.0"
    resolved "http://bnpm.byted.org/js-tokens/download/js-tokens-4.0.0.tgz#19203fb59991df98e3a287050d4647cdeaf32499"
    integrity sha1-GSA/tZmR35jjoocFDUZHzerzJJk=
  
  loose-envify@^1.1.0, loose-envify@^1.4.0:
    version "1.4.0"
    resolved "http://bnpm.byted.org/loose-envify/download/loose-envify-1.4.0.tgz#71ee51fa7be4caec1a63839f7e682d8132d30caf"
    integrity sha1-ce5R+nvkyuwaY4OffmgtgTLTDK8=
    dependencies:
      js-tokens "^3.0.0 || ^4.0.0"
  
  object-assign@^4.1.1:
    version "4.1.1"
    resolved "http://bnpm.byted.org/object-assign/download/object-assign-4.1.1.tgz#2109adc7965887cfc05cbbd442cac8bfbb360863"
    integrity sha1-IQmtx5ZYh8/AXLvUQsrIv7s2CGM=
  
  prettier@^1.19.1:
    version "1.19.1"
    resolved "http://bnpm.byted.org/prettier/download/prettier-1.19.1.tgz#f7d7f5ff8a9cd872a7be4ca142095956a60797cb"
    integrity sha1-99f1/4qc2HKnvkyhQglZVqYHl8s=
  
  prop-types@^15.6.2:
    version "15.7.2"
    resolved "http://bnpm.byted.org/prop-types/download/prop-types-15.7.2.tgz#52c41e75b8c87e72b9d9360e0206b99dcbffa6c5"
    integrity sha1-UsQedbjIfnK52TYOAga5ncv/psU=
    dependencies:
      loose-envify "^1.4.0"
      object-assign "^4.1.1"
      react-is "^16.8.1"
  
  react-is@^16.8.1:
    version "16.11.0"
    resolved "http://bnpm.byted.org/react-is/download/react-is-16.11.0.tgz#b85dfecd48ad1ce469ff558a882ca8e8313928fa"
    integrity sha1-uF3+zUitHORp/1WKiCyo6DE5KPo=
  
  react@^16.11.0:
    version "16.11.0"
    resolved "http://bnpm.byted.org/react/download/react-16.11.0.tgz#d294545fe62299ccee83363599bf904e4a07fdbb"
    integrity sha1-0pRUX+YimczugzY1mb+QTkoH/bs=
    dependencies:
      loose-envify "^1.1.0"
      object-assign "^4.1.1"
      prop-types "^15.6.2"
  
  typescript@^3.7.2:
    version "3.7.2"
    resolved "http://bnpm.byted.org/typescript/download/typescript-3.7.2.tgz#27e489b95fa5909445e9fef5ee48d81697ad18fb"
    integrity sha1-J+SJuV+lkJRF6f717kjYFpetGPs=
